<?xml version="1.0" encoding="UTF-8"?>
<!-- Generated by org.testng.reporters.JUnitReportReporter -->
<testsuite hostname="yoganandpc" failures="0" tests="1" name="testcases.DemoIntegration" time="14.799" errors="0" timestamp="2024-03-21T15:06:30 IST" skipped="0">
  <testcase classname="testcases.DemoIntegration" name="TestMethod" time="14.799"/>
  <system-out/>
</testsuite> <!-- testcases.DemoIntegration -->
