<?xml version="1.0" encoding="UTF-8"?>
<!-- Generated by org.testng.reporters.JUnitReportReporter -->
<testsuite hostname="yoganandpc" failures="0" tests="1" name="testcases.logintest" time="0.006" errors="0" timestamp="2024-03-21T14:56:12 IST" skipped="0">
  <testcase classname="testcases.logintest" name="method" time="0.006"/>
  <system-out/>
</testsuite> <!-- testcases.logintest -->
